app/build/intermediates/manifest_merge_blame_file/debug/manifest-merger-blame-debug-report.txt
1<?xml version="1.0" encoding="utf-8"?>
2<manifest xmlns:android="http://schemas.android.com/apk/res/android"
3    package="com.apisniff.app"
4    android:versionCode="1"
5    android:versionName="1.0" >
6
7    <uses-sdk
8        android:minSdkVersion="26"
8-->src/main/AndroidManifest.xml
9        android:targetSdkVersion="33" />
9-->src/main/AndroidManifest.xml
10
11    <uses-permission android:name="android.permission.INTERNET" />
11-->src/main/AndroidManifest.xml:4:5-67
11-->src/main/AndroidManifest.xml:4:22-64
12    <uses-permission
12-->src/main/AndroidManifest.xml:5:5-6:38
13        android:name="android.permission.WRITE_EXTERNAL_STORAGE"
13-->src/main/AndroidManifest.xml:5:22-78
14        android:maxSdkVersion="28" />
14-->src/main/AndroidManifest.xml:6:9-35
15
16    <permission
16-->[androidx.core:core:1.10.1] AndroidManifest.xml:22:5-24:47
17        android:name="com.apisniff.app.DYNAMIC_RECEIVER_NOT_EXPORTED_PERMISSION"
17-->[androidx.core:core:1.10.1] AndroidManifest.xml:23:9-81
18        android:protectionLevel="signature" />
18-->[androidx.core:core:1.10.1] AndroidManifest.xml:24:9-44
19
20    <uses-permission android:name="com.apisniff.app.DYNAMIC_RECEIVER_NOT_EXPORTED_PERMISSION" />
20-->[androidx.core:core:1.10.1] AndroidManifest.xml:26:5-97
20-->[androidx.core:core:1.10.1] AndroidManifest.xml:26:22-94
21
22    <application
22-->src/main/AndroidManifest.xml:8:5-31:19
23        android:allowBackup="true"
23-->src/main/AndroidManifest.xml:9:9-35
24        android:appComponentFactory="androidx.core.app.CoreComponentFactory"
24-->[androidx.core:core:1.10.1] AndroidManifest.xml:28:18-86
25        android:debuggable="true"
26        android:extractNativeLibs="false"
27        android:icon="@drawable/ic_launcher"
27-->src/main/AndroidManifest.xml:10:9-45
28        android:label="@string/app_name"
28-->src/main/AndroidManifest.xml:11:9-41
29        android:requestLegacyExternalStorage="true"
29-->src/main/AndroidManifest.xml:12:9-52
30        android:supportsRtl="true"
30-->src/main/AndroidManifest.xml:13:9-35
31        android:theme="@style/Theme.ApiSniff"
31-->src/main/AndroidManifest.xml:14:9-46
32        android:usesCleartextTraffic="true" >
32-->src/main/AndroidManifest.xml:15:9-44
33        <activity
33-->src/main/AndroidManifest.xml:17:9-25:20
34            android:name="com.apisniff.app.MainActivity"
34-->src/main/AndroidManifest.xml:18:13-41
35            android:exported="true"
35-->src/main/AndroidManifest.xml:19:13-36
36            android:launchMode="singleTop" >
36-->src/main/AndroidManifest.xml:20:13-43
37            <intent-filter>
37-->src/main/AndroidManifest.xml:21:13-24:29
38                <action android:name="android.intent.action.MAIN" />
38-->src/main/AndroidManifest.xml:22:17-69
38-->src/main/AndroidManifest.xml:22:25-66
39
40                <category android:name="android.intent.category.LAUNCHER" />
40-->src/main/AndroidManifest.xml:23:17-77
40-->src/main/AndroidManifest.xml:23:27-74
41            </intent-filter>
42        </activity>
43        <activity
43-->src/main/AndroidManifest.xml:27:9-29:58
44            android:name="com.apisniff.app.RequestDetailActivity"
44-->src/main/AndroidManifest.xml:28:13-50
45            android:parentActivityName="com.apisniff.app.MainActivity" />
45-->src/main/AndroidManifest.xml:29:13-55
46
47        <provider
47-->[androidx.emoji2:emoji2:1.2.0] AndroidManifest.xml:24:9-32:20
48            android:name="androidx.startup.InitializationProvider"
48-->[androidx.emoji2:emoji2:1.2.0] AndroidManifest.xml:25:13-67
49            android:authorities="com.apisniff.app.androidx-startup"
49-->[androidx.emoji2:emoji2:1.2.0] AndroidManifest.xml:26:13-68
50            android:exported="false" >
50-->[androidx.emoji2:emoji2:1.2.0] AndroidManifest.xml:27:13-37
51            <meta-data
51-->[androidx.emoji2:emoji2:1.2.0] AndroidManifest.xml:29:13-31:52
52                android:name="androidx.emoji2.text.EmojiCompatInitializer"
52-->[androidx.emoji2:emoji2:1.2.0] AndroidManifest.xml:30:17-75
53                android:value="androidx.startup" />
53-->[androidx.emoji2:emoji2:1.2.0] AndroidManifest.xml:31:17-49
54            <meta-data
54-->[androidx.lifecycle:lifecycle-process:2.4.1] AndroidManifest.xml:31:13-33:52
55                android:name="androidx.lifecycle.ProcessLifecycleInitializer"
55-->[androidx.lifecycle:lifecycle-process:2.4.1] AndroidManifest.xml:32:17-78
56                android:value="androidx.startup" />
56-->[androidx.lifecycle:lifecycle-process:2.4.1] AndroidManifest.xml:33:17-49
57        </provider>
58    </application>
59
60</manifest>